
*** Running vivado
    with args -log ila_0.vds -m64 -product Vivado -mode batch -messageDb vivado.pb -notrace -source ila_0.tcl


Режим вывода команд на экран (ECHO) отключен.
Режим вывода команд на экран (ECHO) отключен.

****** Vivado v2023.2 (64-bit)
  **** SW Build 4029153 on Fri Oct 13 20:14:34 MDT 2023
  **** IP Build 4028589 on Sat Oct 14 00:45:43 MDT 2023
  **** SharedData Build 4025554 on Tue Oct 10 17:18:54 MDT 2023
    ** Copyright 1986-2022 Xilinx, Inc. All Rights Reserved.
    ** Copyright 2022-2023 Advanced Micro Devices, Inc. All Rights Reserved.

Sourcing tcl script 'C:/Xilinx/Vivado/2023.2/scripts/Vivado_init.tcl'
122 Beta devices matching pattern found, 0 enabled.
enable_beta_device: Time (s): cpu = 00:00:23 ; elapsed = 00:00:23 . Memory (MB): peak = 471.465 ; gain = 164.387
source ila_0.tcl -notrace
INFO: [IP_Flow 19-6924] IPCACHE: Running cache check for IP inst: ila_0
Command: synth_design -top ila_0 -part xc7z020clg400-2 -incremental_mode off -mode out_of_context
Starting synth_design
Attempting to get a license for feature 'Synthesis' and/or device 'xc7z020'
INFO: [Common 17-349] Got license for feature 'Synthesis' and/or device 'xc7z020'
INFO: [Device 21-403] Loading part xc7z020clg400-2
INFO: [Synth 8-7079] Multithreading enabled for synth_design using a maximum of 2 processes.
INFO: [Synth 8-7078] Launching helper process for spawning children vivado processes
INFO: [Synth 8-7075] Helper process launched with PID 7468
---------------------------------------------------------------------------------
Starting RTL Elaboration : Time (s): cpu = 00:00:14 ; elapsed = 00:00:15 . Memory (MB): peak = 1391.973 ; gain = 440.051
---------------------------------------------------------------------------------
INFO: [Synth 8-11241] undeclared symbol 'tms_int', assumed default net type 'wire' [h:/Xilinx_Proj/uart_top/uart_top.gen/sources_1/ip/ila_0_1/hdl/verilog/xsdbm_v3_0_0_bs_core_ext.vh:30]
INFO: [Synth 8-11241] undeclared symbol 'runtest_int', assumed default net type 'wire' [h:/Xilinx_Proj/uart_top/uart_top.gen/sources_1/ip/ila_0_1/hdl/verilog/xsdbm_v3_0_0_bs_core_ext.vh:32]
INFO: [Synth 8-11241] undeclared symbol 'tms_int', assumed default net type 'wire' [h:/Xilinx_Proj/uart_top/uart_top.gen/sources_1/ip/ila_0_1/hdl/verilog/xsdbm_v3_0_0_bs_core_ext.vh:69]
INFO: [Synth 8-11241] undeclared symbol 'runtest_int', assumed default net type 'wire' [h:/Xilinx_Proj/uart_top/uart_top.gen/sources_1/ip/ila_0_1/hdl/verilog/xsdbm_v3_0_0_bs_core_ext.vh:71]
INFO: [Synth 8-11241] undeclared symbol 'tms_int', assumed default net type 'wire' [h:/Xilinx_Proj/uart_top/uart_top.gen/sources_1/ip/ila_0_1/hdl/verilog/xsdbm_v3_0_0_bs_core_ext.vh:109]
INFO: [Synth 8-11241] undeclared symbol 'runtest_int', assumed default net type 'wire' [h:/Xilinx_Proj/uart_top/uart_top.gen/sources_1/ip/ila_0_1/hdl/verilog/xsdbm_v3_0_0_bs_core_ext.vh:111]
INFO: [Synth 8-11241] undeclared symbol 'tms_int', assumed default net type 'wire' [h:/Xilinx_Proj/uart_top/uart_top.gen/sources_1/ip/ila_0_1/hdl/verilog/xsdbm_v3_0_0_bs_core_ext.vh:150]
INFO: [Synth 8-11241] undeclared symbol 'runtest_int', assumed default net type 'wire' [h:/Xilinx_Proj/uart_top/uart_top.gen/sources_1/ip/ila_0_1/hdl/verilog/xsdbm_v3_0_0_bs_core_ext.vh:152]
INFO: [Synth 8-11241] undeclared symbol 'tms_int', assumed default net type 'wire' [h:/Xilinx_Proj/uart_top/uart_top.gen/sources_1/ip/ila_0_1/hdl/verilog/xsdbm_v3_0_0_bs_core_ext.vh:192]
INFO: [Synth 8-11241] undeclared symbol 'runtest_int', assumed default net type 'wire' [h:/Xilinx_Proj/uart_top/uart_top.gen/sources_1/ip/ila_0_1/hdl/verilog/xsdbm_v3_0_0_bs_core_ext.vh:194]
INFO: [Synth 8-11241] undeclared symbol 'tms_int', assumed default net type 'wire' [h:/Xilinx_Proj/uart_top/uart_top.gen/sources_1/ip/ila_0_1/hdl/verilog/xsdbm_v3_0_0_bs_core_ext.vh:235]
INFO: [Synth 8-11241] undeclared symbol 'runtest_int', assumed default net type 'wire' [h:/Xilinx_Proj/uart_top/uart_top.gen/sources_1/ip/ila_0_1/hdl/verilog/xsdbm_v3_0_0_bs_core_ext.vh:237]
INFO: [Synth 8-11241] undeclared symbol 'tms_int', assumed default net type 'wire' [h:/Xilinx_Proj/uart_top/uart_top.gen/sources_1/ip/ila_0_1/hdl/verilog/xsdbm_v3_0_0_bs_core_ext.vh:279]
INFO: [Synth 8-11241] undeclared symbol 'runtest_int', assumed default net type 'wire' [h:/Xilinx_Proj/uart_top/uart_top.gen/sources_1/ip/ila_0_1/hdl/verilog/xsdbm_v3_0_0_bs_core_ext.vh:281]
INFO: [Synth 8-11241] undeclared symbol 'tms_int', assumed default net type 'wire' [h:/Xilinx_Proj/uart_top/uart_top.gen/sources_1/ip/ila_0_1/hdl/verilog/xsdbm_v3_0_0_bs_core_ext.vh:324]
INFO: [Synth 8-11241] undeclared symbol 'runtest_int', assumed default net type 'wire' [h:/Xilinx_Proj/uart_top/uart_top.gen/sources_1/ip/ila_0_1/hdl/verilog/xsdbm_v3_0_0_bs_core_ext.vh:326]
INFO: [Synth 8-11241] undeclared symbol 'tms_int', assumed default net type 'wire' [h:/Xilinx_Proj/uart_top/uart_top.gen/sources_1/ip/ila_0_1/hdl/verilog/xsdbm_v3_0_0_bs_core_ext.vh:370]
INFO: [Synth 8-11241] undeclared symbol 'runtest_int', assumed default net type 'wire' [h:/Xilinx_Proj/uart_top/uart_top.gen/sources_1/ip/ila_0_1/hdl/verilog/xsdbm_v3_0_0_bs_core_ext.vh:372]
INFO: [Synth 8-11241] undeclared symbol 'tms_int', assumed default net type 'wire' [h:/Xilinx_Proj/uart_top/uart_top.gen/sources_1/ip/ila_0_1/hdl/verilog/xsdbm_v3_0_0_bs_core_ext.vh:417]
INFO: [Synth 8-11241] undeclared symbol 'runtest_int', assumed default net type 'wire' [h:/Xilinx_Proj/uart_top/uart_top.gen/sources_1/ip/ila_0_1/hdl/verilog/xsdbm_v3_0_0_bs_core_ext.vh:419]
INFO: [Synth 8-11241] undeclared symbol 'tms_int', assumed default net type 'wire' [h:/Xilinx_Proj/uart_top/uart_top.gen/sources_1/ip/ila_0_1/hdl/verilog/xsdbm_v3_0_0_bs_core_ext.vh:465]
INFO: [Synth 8-11241] undeclared symbol 'runtest_int', assumed default net type 'wire' [h:/Xilinx_Proj/uart_top/uart_top.gen/sources_1/ip/ila_0_1/hdl/verilog/xsdbm_v3_0_0_bs_core_ext.vh:467]
INFO: [Synth 8-11241] undeclared symbol 'tms_int', assumed default net type 'wire' [h:/Xilinx_Proj/uart_top/uart_top.gen/sources_1/ip/ila_0_1/hdl/verilog/xsdbm_v3_0_0_bs_core_ext.vh:514]
INFO: [Synth 8-11241] undeclared symbol 'runtest_int', assumed default net type 'wire' [h:/Xilinx_Proj/uart_top/uart_top.gen/sources_1/ip/ila_0_1/hdl/verilog/xsdbm_v3_0_0_bs_core_ext.vh:516]
INFO: [Synth 8-11241] undeclared symbol 'tms_int', assumed default net type 'wire' [h:/Xilinx_Proj/uart_top/uart_top.gen/sources_1/ip/ila_0_1/hdl/verilog/xsdbm_v3_0_0_bs_core_ext.vh:564]
INFO: [Synth 8-11241] undeclared symbol 'runtest_int', assumed default net type 'wire' [h:/Xilinx_Proj/uart_top/uart_top.gen/sources_1/ip/ila_0_1/hdl/verilog/xsdbm_v3_0_0_bs_core_ext.vh:566]
INFO: [Synth 8-11241] undeclared symbol 'tms_int', assumed default net type 'wire' [h:/Xilinx_Proj/uart_top/uart_top.gen/sources_1/ip/ila_0_1/hdl/verilog/xsdbm_v3_0_0_bs_core_ext.vh:615]
INFO: [Synth 8-11241] undeclared symbol 'runtest_int', assumed default net type 'wire' [h:/Xilinx_Proj/uart_top/uart_top.gen/sources_1/ip/ila_0_1/hdl/verilog/xsdbm_v3_0_0_bs_core_ext.vh:617]
INFO: [Synth 8-11241] undeclared symbol 'tms_int', assumed default net type 'wire' [h:/Xilinx_Proj/uart_top/uart_top.gen/sources_1/ip/ila_0_1/hdl/verilog/xsdbm_v3_0_0_bs_core.vh:30]
INFO: [Synth 8-11241] undeclared symbol 'runtest_int', assumed default net type 'wire' [h:/Xilinx_Proj/uart_top/uart_top.gen/sources_1/ip/ila_0_1/hdl/verilog/xsdbm_v3_0_0_bs_core.vh:32]
INFO: [Synth 8-11241] undeclared symbol 'tms_int', assumed default net type 'wire' [h:/Xilinx_Proj/uart_top/uart_top.gen/sources_1/ip/ila_0_1/hdl/verilog/xsdbm_v3_0_0_bs_core.vh:69]
INFO: [Synth 8-11241] undeclared symbol 'runtest_int', assumed default net type 'wire' [h:/Xilinx_Proj/uart_top/uart_top.gen/sources_1/ip/ila_0_1/hdl/verilog/xsdbm_v3_0_0_bs_core.vh:71]
INFO: [Synth 8-11241] undeclared symbol 'tms_int', assumed default net type 'wire' [h:/Xilinx_Proj/uart_top/uart_top.gen/sources_1/ip/ila_0_1/hdl/verilog/xsdbm_v3_0_0_bs_core.vh:109]
INFO: [Synth 8-11241] undeclared symbol 'runtest_int', assumed default net type 'wire' [h:/Xilinx_Proj/uart_top/uart_top.gen/sources_1/ip/ila_0_1/hdl/verilog/xsdbm_v3_0_0_bs_core.vh:111]
INFO: [Synth 8-11241] undeclared symbol 'tms_int', assumed default net type 'wire' [h:/Xilinx_Proj/uart_top/uart_top.gen/sources_1/ip/ila_0_1/hdl/verilog/xsdbm_v3_0_0_bs_core.vh:150]
INFO: [Synth 8-11241] undeclared symbol 'runtest_int', assumed default net type 'wire' [h:/Xilinx_Proj/uart_top/uart_top.gen/sources_1/ip/ila_0_1/hdl/verilog/xsdbm_v3_0_0_bs_core.vh:152]
INFO: [Synth 8-11241] undeclared symbol 'tms_int', assumed default net type 'wire' [h:/Xilinx_Proj/uart_top/uart_top.gen/sources_1/ip/ila_0_1/hdl/verilog/xsdbm_v3_0_0_bs_core.vh:192]
INFO: [Synth 8-11241] undeclared symbol 'runtest_int', assumed default net type 'wire' [h:/Xilinx_Proj/uart_top/uart_top.gen/sources_1/ip/ila_0_1/hdl/verilog/xsdbm_v3_0_0_bs_core.vh:194]
INFO: [Synth 8-11241] undeclared symbol 'tms_int', assumed default net type 'wire' [h:/Xilinx_Proj/uart_top/uart_top.gen/sources_1/ip/ila_0_1/hdl/verilog/xsdbm_v3_0_0_bs_core.vh:235]
INFO: [Synth 8-11241] undeclared symbol 'runtest_int', assumed default net type 'wire' [h:/Xilinx_Proj/uart_top/uart_top.gen/sources_1/ip/ila_0_1/hdl/verilog/xsdbm_v3_0_0_bs_core.vh:237]
INFO: [Synth 8-11241] undeclared symbol 'tms_int', assumed default net type 'wire' [h:/Xilinx_Proj/uart_top/uart_top.gen/sources_1/ip/ila_0_1/hdl/verilog/xsdbm_v3_0_0_bs_core.vh:279]
INFO: [Synth 8-11241] undeclared symbol 'runtest_int', assumed default net type 'wire' [h:/Xilinx_Proj/uart_top/uart_top.gen/sources_1/ip/ila_0_1/hdl/verilog/xsdbm_v3_0_0_bs_core.vh:281]
INFO: [Synth 8-11241] undeclared symbol 'tms_int', assumed default net type 'wire' [h:/Xilinx_Proj/uart_top/uart_top.gen/sources_1/ip/ila_0_1/hdl/verilog/xsdbm_v3_0_0_bs_core.vh:324]
INFO: [Synth 8-11241] undeclared symbol 'runtest_int', assumed default net type 'wire' [h:/Xilinx_Proj/uart_top/uart_top.gen/sources_1/ip/ila_0_1/hdl/verilog/xsdbm_v3_0_0_bs_core.vh:326]
INFO: [Synth 8-11241] undeclared symbol 'tms_int', assumed default net type 'wire' [h:/Xilinx_Proj/uart_top/uart_top.gen/sources_1/ip/ila_0_1/hdl/verilog/xsdbm_v3_0_0_bs_core.vh:370]
INFO: [Synth 8-11241] undeclared symbol 'runtest_int', assumed default net type 'wire' [h:/Xilinx_Proj/uart_top/uart_top.gen/sources_1/ip/ila_0_1/hdl/verilog/xsdbm_v3_0_0_bs_core.vh:372]
INFO: [Synth 8-11241] undeclared symbol 'tms_int', assumed default net type 'wire' [h:/Xilinx_Proj/uart_top/uart_top.gen/sources_1/ip/ila_0_1/hdl/verilog/xsdbm_v3_0_0_bs_core.vh:417]
INFO: [Synth 8-11241] undeclared symbol 'runtest_int', assumed default net type 'wire' [h:/Xilinx_Proj/uart_top/uart_top.gen/sources_1/ip/ila_0_1/hdl/verilog/xsdbm_v3_0_0_bs_core.vh:419]
INFO: [Synth 8-11241] undeclared symbol 'tms_int', assumed default net type 'wire' [h:/Xilinx_Proj/uart_top/uart_top.gen/sources_1/ip/ila_0_1/hdl/verilog/xsdbm_v3_0_0_bs_core.vh:465]
INFO: [Synth 8-11241] undeclared symbol 'runtest_int', assumed default net type 'wire' [h:/Xilinx_Proj/uart_top/uart_top.gen/sources_1/ip/ila_0_1/hdl/verilog/xsdbm_v3_0_0_bs_core.vh:467]
INFO: [Synth 8-11241] undeclared symbol 'tms_int', assumed default net type 'wire' [h:/Xilinx_Proj/uart_top/uart_top.gen/sources_1/ip/ila_0_1/hdl/verilog/xsdbm_v3_0_0_bs_core.vh:514]
INFO: [Synth 8-11241] undeclared symbol 'runtest_int', assumed default net type 'wire' [h:/Xilinx_Proj/uart_top/uart_top.gen/sources_1/ip/ila_0_1/hdl/verilog/xsdbm_v3_0_0_bs_core.vh:516]
INFO: [Synth 8-11241] undeclared symbol 'tms_int', assumed default net type 'wire' [h:/Xilinx_Proj/uart_top/uart_top.gen/sources_1/ip/ila_0_1/hdl/verilog/xsdbm_v3_0_0_bs_core.vh:564]
INFO: [Synth 8-11241] undeclared symbol 'runtest_int', assumed default net type 'wire' [h:/Xilinx_Proj/uart_top/uart_top.gen/sources_1/ip/ila_0_1/hdl/verilog/xsdbm_v3_0_0_bs_core.vh:566]
INFO: [Synth 8-11241] undeclared symbol 'tms_int', assumed default net type 'wire' [h:/Xilinx_Proj/uart_top/uart_top.gen/sources_1/ip/ila_0_1/hdl/verilog/xsdbm_v3_0_0_bs_core.vh:615]
INFO: [Synth 8-11241] undeclared symbol 'runtest_int', assumed default net type 'wire' [h:/Xilinx_Proj/uart_top/uart_top.gen/sources_1/ip/ila_0_1/hdl/verilog/xsdbm_v3_0_0_bs_core.vh:617]
INFO: [Synth 8-11241] undeclared symbol 'tms_int', assumed default net type 'wire' [h:/Xilinx_Proj/uart_top/uart_top.gen/sources_1/ip/ila_0_1/hdl/verilog/xsdbm_v3_0_0_bs_core_vec.vh:30]
INFO: [Synth 8-11241] undeclared symbol 'runtest_int', assumed default net type 'wire' [h:/Xilinx_Proj/uart_top/uart_top.gen/sources_1/ip/ila_0_1/hdl/verilog/xsdbm_v3_0_0_bs_core_vec.vh:32]
INFO: [Synth 8-11241] undeclared symbol 'tms_int', assumed default net type 'wire' [h:/Xilinx_Proj/uart_top/uart_top.gen/sources_1/ip/ila_0_1/hdl/verilog/xsdbm_v3_0_0_bs_core_vec.vh:65]
INFO: [Synth 8-11241] undeclared symbol 'runtest_int', assumed default net type 'wire' [h:/Xilinx_Proj/uart_top/uart_top.gen/sources_1/ip/ila_0_1/hdl/verilog/xsdbm_v3_0_0_bs_core_vec.vh:67]
INFO: [Synth 8-11241] undeclared symbol 'tms_int', assumed default net type 'wire' [h:/Xilinx_Proj/uart_top/uart_top.gen/sources_1/ip/ila_0_1/hdl/verilog/xsdbm_v3_0_0_bs_core_vec.vh:100]
INFO: [Synth 8-11241] undeclared symbol 'runtest_int', assumed default net type 'wire' [h:/Xilinx_Proj/uart_top/uart_top.gen/sources_1/ip/ila_0_1/hdl/verilog/xsdbm_v3_0_0_bs_core_vec.vh:102]
INFO: [Synth 8-11241] undeclared symbol 'tms_int', assumed default net type 'wire' [h:/Xilinx_Proj/uart_top/uart_top.gen/sources_1/ip/ila_0_1/hdl/verilog/xsdbm_v3_0_0_bs_core_vec.vh:135]
INFO: [Synth 8-11241] undeclared symbol 'runtest_int', assumed default net type 'wire' [h:/Xilinx_Proj/uart_top/uart_top.gen/sources_1/ip/ila_0_1/hdl/verilog/xsdbm_v3_0_0_bs_core_vec.vh:137]
INFO: [Synth 8-11241] undeclared symbol 'tms_int', assumed default net type 'wire' [h:/Xilinx_Proj/uart_top/uart_top.gen/sources_1/ip/ila_0_1/hdl/verilog/xsdbm_v3_0_0_bs_core_vec.vh:170]
INFO: [Synth 8-11241] undeclared symbol 'runtest_int', assumed default net type 'wire' [h:/Xilinx_Proj/uart_top/uart_top.gen/sources_1/ip/ila_0_1/hdl/verilog/xsdbm_v3_0_0_bs_core_vec.vh:172]
INFO: [Synth 8-11241] undeclared symbol 'tms_int', assumed default net type 'wire' [h:/Xilinx_Proj/uart_top/uart_top.gen/sources_1/ip/ila_0_1/hdl/verilog/xsdbm_v3_0_0_bs_core_vec.vh:205]
INFO: [Synth 8-11241] undeclared symbol 'runtest_int', assumed default net type 'wire' [h:/Xilinx_Proj/uart_top/uart_top.gen/sources_1/ip/ila_0_1/hdl/verilog/xsdbm_v3_0_0_bs_core_vec.vh:207]
INFO: [Synth 8-11241] undeclared symbol 'tms_int', assumed default net type 'wire' [h:/Xilinx_Proj/uart_top/uart_top.gen/sources_1/ip/ila_0_1/hdl/verilog/xsdbm_v3_0_0_bs_core_vec.vh:240]
INFO: [Synth 8-11241] undeclared symbol 'runtest_int', assumed default net type 'wire' [h:/Xilinx_Proj/uart_top/uart_top.gen/sources_1/ip/ila_0_1/hdl/verilog/xsdbm_v3_0_0_bs_core_vec.vh:242]
INFO: [Synth 8-11241] undeclared symbol 'tms_int', assumed default net type 'wire' [h:/Xilinx_Proj/uart_top/uart_top.gen/sources_1/ip/ila_0_1/hdl/verilog/xsdbm_v3_0_0_bs_core_vec.vh:275]
INFO: [Synth 8-11241] undeclared symbol 'runtest_int', assumed default net type 'wire' [h:/Xilinx_Proj/uart_top/uart_top.gen/sources_1/ip/ila_0_1/hdl/verilog/xsdbm_v3_0_0_bs_core_vec.vh:277]
INFO: [Synth 8-11241] undeclared symbol 'tms_int', assumed default net type 'wire' [h:/Xilinx_Proj/uart_top/uart_top.gen/sources_1/ip/ila_0_1/hdl/verilog/xsdbm_v3_0_0_bs_core_vec.vh:310]
INFO: [Synth 8-11241] undeclared symbol 'runtest_int', assumed default net type 'wire' [h:/Xilinx_Proj/uart_top/uart_top.gen/sources_1/ip/ila_0_1/hdl/verilog/xsdbm_v3_0_0_bs_core_vec.vh:312]
INFO: [Synth 8-11241] undeclared symbol 'tms_int', assumed default net type 'wire' [h:/Xilinx_Proj/uart_top/uart_top.gen/sources_1/ip/ila_0_1/hdl/verilog/xsdbm_v3_0_0_bs_core_vec.vh:345]
INFO: [Synth 8-11241] undeclared symbol 'runtest_int', assumed default net type 'wire' [h:/Xilinx_Proj/uart_top/uart_top.gen/sources_1/ip/ila_0_1/hdl/verilog/xsdbm_v3_0_0_bs_core_vec.vh:347]
INFO: [Synth 8-11241] undeclared symbol 'tms_int', assumed default net type 'wire' [h:/Xilinx_Proj/uart_top/uart_top.gen/sources_1/ip/ila_0_1/hdl/verilog/xsdbm_v3_0_0_bs_core_vec.vh:380]
INFO: [Synth 8-11241] undeclared symbol 'runtest_int', assumed default net type 'wire' [h:/Xilinx_Proj/uart_top/uart_top.gen/sources_1/ip/ila_0_1/hdl/verilog/xsdbm_v3_0_0_bs_core_vec.vh:382]
INFO: [Synth 8-11241] undeclared symbol 'tms_int', assumed default net type 'wire' [h:/Xilinx_Proj/uart_top/uart_top.gen/sources_1/ip/ila_0_1/hdl/verilog/xsdbm_v3_0_0_bs_core_vec.vh:415]
INFO: [Synth 8-11241] undeclared symbol 'runtest_int', assumed default net type 'wire' [h:/Xilinx_Proj/uart_top/uart_top.gen/sources_1/ip/ila_0_1/hdl/verilog/xsdbm_v3_0_0_bs_core_vec.vh:417]
INFO: [Synth 8-11241] undeclared symbol 'tms_int', assumed default net type 'wire' [h:/Xilinx_Proj/uart_top/uart_top.gen/sources_1/ip/ila_0_1/hdl/verilog/xsdbm_v3_0_0_bs_core_vec.vh:450]
INFO: [Synth 8-11241] undeclared symbol 'runtest_int', assumed default net type 'wire' [h:/Xilinx_Proj/uart_top/uart_top.gen/sources_1/ip/ila_0_1/hdl/verilog/xsdbm_v3_0_0_bs_core_vec.vh:452]
INFO: [Synth 8-11241] undeclared symbol 'tms_int', assumed default net type 'wire' [h:/Xilinx_Proj/uart_top/uart_top.gen/sources_1/ip/ila_0_1/hdl/verilog/xsdbm_v3_0_0_bs_core_vec.vh:485]
INFO: [Synth 8-11241] undeclared symbol 'runtest_int', assumed default net type 'wire' [h:/Xilinx_Proj/uart_top/uart_top.gen/sources_1/ip/ila_0_1/hdl/verilog/xsdbm_v3_0_0_bs_core_vec.vh:487]
INFO: [Synth 8-11241] undeclared symbol 'tms_int', assumed default net type 'wire' [h:/Xilinx_Proj/uart_top/uart_top.gen/sources_1/ip/ila_0_1/hdl/verilog/xsdbm_v3_0_0_bs_core_vec.vh:30]
INFO: [Synth 8-11241] undeclared symbol 'runtest_int', assumed default net type 'wire' [h:/Xilinx_Proj/uart_top/uart_top.gen/sources_1/ip/ila_0_1/hdl/verilog/xsdbm_v3_0_0_bs_core_vec.vh:32]
INFO: [Synth 8-11241] undeclared symbol 'tms_int', assumed default net type 'wire' [h:/Xilinx_Proj/uart_top/uart_top.gen/sources_1/ip/ila_0_1/hdl/verilog/xsdbm_v3_0_0_bs_core_vec.vh:65]
INFO: [Synth 8-11241] undeclared symbol 'runtest_int', assumed default net type 'wire' [h:/Xilinx_Proj/uart_top/uart_top.gen/sources_1/ip/ila_0_1/hdl/verilog/xsdbm_v3_0_0_bs_core_vec.vh:67]
INFO: [Synth 8-11241] undeclared symbol 'tms_int', assumed default net type 'wire' [h:/Xilinx_Proj/uart_top/uart_top.gen/sources_1/ip/ila_0_1/hdl/verilog/xsdbm_v3_0_0_bs_core_vec.vh:100]
INFO: [Synth 8-11241] undeclared symbol 'runtest_int', assumed default net type 'wire' [h:/Xilinx_Proj/uart_top/uart_top.gen/sources_1/ip/ila_0_1/hdl/verilog/xsdbm_v3_0_0_bs_core_vec.vh:102]
INFO: [Synth 8-11241] undeclared symbol 'tms_int', assumed default net type 'wire' [h:/Xilinx_Proj/uart_top/uart_top.gen/sources_1/ip/ila_0_1/hdl/verilog/xsdbm_v3_0_0_bs_core_vec.vh:135]
INFO: [Synth 8-11241] undeclared symbol 'runtest_int', assumed default net type 'wire' [h:/Xilinx_Proj/uart_top/uart_top.gen/sources_1/ip/ila_0_1/hdl/verilog/xsdbm_v3_0_0_bs_core_vec.vh:137]
INFO: [Synth 8-11241] undeclared symbol 'tms_int', assumed default net type 'wire' [h:/Xilinx_Proj/uart_top/uart_top.gen/sources_1/ip/ila_0_1/hdl/verilog/xsdbm_v3_0_0_bs_core_vec.vh:170]
INFO: [Synth 8-11241] undeclared symbol 'runtest_int', assumed default net type 'wire' [h:/Xilinx_Proj/uart_top/uart_top.gen/sources_1/ip/ila_0_1/hdl/verilog/xsdbm_v3_0_0_bs_core_vec.vh:172]
INFO: [Synth 8-11241] undeclared symbol 'tms_int', assumed default net type 'wire' [h:/Xilinx_Proj/uart_top/uart_top.gen/sources_1/ip/ila_0_1/hdl/verilog/xsdbm_v3_0_0_bs_core_vec.vh:205]
INFO: [Synth 8-11241] undeclared symbol 'runtest_int', assumed default net type 'wire' [h:/Xilinx_Proj/uart_top/uart_top.gen/sources_1/ip/ila_0_1/hdl/verilog/xsdbm_v3_0_0_bs_core_vec.vh:207]
INFO: [Synth 8-11241] undeclared symbol 'tms_int', assumed default net type 'wire' [h:/Xilinx_Proj/uart_top/uart_top.gen/sources_1/ip/ila_0_1/hdl/verilog/xsdbm_v3_0_0_bs_core_vec.vh:240]
INFO: [Synth 8-11241] undeclared symbol 'runtest_int', assumed default net type 'wire' [h:/Xilinx_Proj/uart_top/uart_top.gen/sources_1/ip/ila_0_1/hdl/verilog/xsdbm_v3_0_0_bs_core_vec.vh:242]
INFO: [Synth 8-11241] undeclared symbol 'tms_int', assumed default net type 'wire' [h:/Xilinx_Proj/uart_top/uart_top.gen/sources_1/ip/ila_0_1/hdl/verilog/xsdbm_v3_0_0_bs_core_vec.vh:275]
INFO: [Synth 8-11241] undeclared symbol 'runtest_int', assumed default net type 'wire' [h:/Xilinx_Proj/uart_top/uart_top.gen/sources_1/ip/ila_0_1/hdl/verilog/xsdbm_v3_0_0_bs_core_vec.vh:277]
INFO: [Common 17-14] Message 'Synth 8-11241' appears 100 times and further instances of the messages will be disabled. Use the Tcl command set_msg_config to change the current settings.
INFO: [Synth 8-6157] synthesizing module 'ila_0' [h:/Xilinx_Proj/uart_top/uart_top.gen/sources_1/ip/ila_0_1/synth/ila_0.v:48]
INFO: [Synth 8-6157] synthesizing module 'CFGLUT5' [C:/Xilinx/Vivado/2023.2/scripts/rt/data/unisim_comp.v:2403]
INFO: [Synth 8-6155] done synthesizing module 'CFGLUT5' (0#1) [C:/Xilinx/Vivado/2023.2/scripts/rt/data/unisim_comp.v:2403]
INFO: [Synth 8-6157] synthesizing module 'CARRY4' [C:/Xilinx/Vivado/2023.2/scripts/rt/data/unisim_comp.v:2366]
INFO: [Synth 8-6155] done synthesizing module 'CARRY4' (0#1) [C:/Xilinx/Vivado/2023.2/scripts/rt/data/unisim_comp.v:2366]
INFO: [Synth 8-6157] synthesizing module 'SRLC32E' [C:/Xilinx/Vivado/2023.2/scripts/rt/data/unisim_comp.v:133887]
INFO: [Synth 8-6155] done synthesizing module 'SRLC32E' (0#1) [C:/Xilinx/Vivado/2023.2/scripts/rt/data/unisim_comp.v:133887]
INFO: [Synth 8-6157] synthesizing module 'SRL16E' [C:/Xilinx/Vivado/2023.2/scripts/rt/data/unisim_comp.v:133737]
INFO: [Synth 8-6155] done synthesizing module 'SRL16E' (0#1) [C:/Xilinx/Vivado/2023.2/scripts/rt/data/unisim_comp.v:133737]
INFO: [Synth 8-6157] synthesizing module 'SRLC16E' [C:/Xilinx/Vivado/2023.2/scripts/rt/data/unisim_comp.v:133826]
INFO: [Synth 8-6155] done synthesizing module 'SRLC16E' (0#1) [C:/Xilinx/Vivado/2023.2/scripts/rt/data/unisim_comp.v:133826]
INFO: [Synth 8-6157] synthesizing module 'FDRE' [C:/Xilinx/Vivado/2023.2/scripts/rt/data/unisim_comp.v:41005]
INFO: [Synth 8-6155] done synthesizing module 'FDRE' (0#1) [C:/Xilinx/Vivado/2023.2/scripts/rt/data/unisim_comp.v:41005]
WARNING: [Synth 8-7071] port 'clk_nobuf' of module 'ila_v6_2_14_ila' is unconnected for instance 'inst' [h:/Xilinx_Proj/uart_top/uart_top.gen/sources_1/ip/ila_0_1/synth/ila_0.v:3215]
WARNING: [Synth 8-7071] port 'clkdiv_out' of module 'ila_v6_2_14_ila' is unconnected for instance 'inst' [h:/Xilinx_Proj/uart_top/uart_top.gen/sources_1/ip/ila_0_1/synth/ila_0.v:3215]
WARNING: [Synth 8-7071] port 'trig_in' of module 'ila_v6_2_14_ila' is unconnected for instance 'inst' [h:/Xilinx_Proj/uart_top/uart_top.gen/sources_1/ip/ila_0_1/synth/ila_0.v:3215]
WARNING: [Synth 8-7071] port 'trig_in_ack' of module 'ila_v6_2_14_ila' is unconnected for instance 'inst' [h:/Xilinx_Proj/uart_top/uart_top.gen/sources_1/ip/ila_0_1/synth/ila_0.v:3215]
WARNING: [Synth 8-7071] port 'trig_out' of module 'ila_v6_2_14_ila' is unconnected for instance 'inst' [h:/Xilinx_Proj/uart_top/uart_top.gen/sources_1/ip/ila_0_1/synth/ila_0.v:3215]
WARNING: [Synth 8-7071] port 'trig_out_ack' of module 'ila_v6_2_14_ila' is unconnected for instance 'inst' [h:/Xilinx_Proj/uart_top/uart_top.gen/sources_1/ip/ila_0_1/synth/ila_0.v:3215]
WARNING: [Synth 8-7023] instance 'inst' of module 'ila_v6_2_14_ila' has 1033 connections declared, but only 1027 given [h:/Xilinx_Proj/uart_top/uart_top.gen/sources_1/ip/ila_0_1/synth/ila_0.v:3215]
INFO: [Synth 8-6155] done synthesizing module 'ila_0' (0#1) [h:/Xilinx_Proj/uart_top/uart_top.gen/sources_1/ip/ila_0_1/synth/ila_0.v:48]
WARNING: [Synth 8-3848] Net sl_iport0 in module/entity ila_0 does not have driver. [h:/Xilinx_Proj/uart_top/uart_top.gen/sources_1/ip/ila_0_1/synth/ila_0.v:104]
WARNING: [Synth 8-7129] Port SEL_I[0] in module ltlib_v1_0_1_generic_mux is either unconnected or has no load
WARNING: [Synth 8-7129] Port CLKB in module blk_mem_gen_v8_4_7_blk_mem_output_block is either unconnected or has no load
WARNING: [Synth 8-7129] Port DOUTA_I[8] in module blk_mem_gen_v8_4_7_blk_mem_output_block is either unconnected or has no load
WARNING: [Synth 8-7129] Port DOUTA_I[7] in module blk_mem_gen_v8_4_7_blk_mem_output_block is either unconnected or has no load
WARNING: [Synth 8-7129] Port DOUTA_I[6] in module blk_mem_gen_v8_4_7_blk_mem_output_block is either unconnected or has no load
WARNING: [Synth 8-7129] Port DOUTA_I[5] in module blk_mem_gen_v8_4_7_blk_mem_output_block is either unconnected or has no load
WARNING: [Synth 8-7129] Port DOUTA_I[4] in module blk_mem_gen_v8_4_7_blk_mem_output_block is either unconnected or has no load
WARNING: [Synth 8-7129] Port DOUTA_I[3] in module blk_mem_gen_v8_4_7_blk_mem_output_block is either unconnected or has no load
WARNING: [Synth 8-7129] Port DOUTA_I[2] in module blk_mem_gen_v8_4_7_blk_mem_output_block is either unconnected or has no load
WARNING: [Synth 8-7129] Port DOUTA_I[1] in module blk_mem_gen_v8_4_7_blk_mem_output_block is either unconnected or has no load
WARNING: [Synth 8-7129] Port DOUTA_I[0] in module blk_mem_gen_v8_4_7_blk_mem_output_block is either unconnected or has no load
WARNING: [Synth 8-7129] Port SBITERR_I in module blk_mem_gen_v8_4_7_blk_mem_output_block is either unconnected or has no load
WARNING: [Synth 8-7129] Port DBITERR_I in module blk_mem_gen_v8_4_7_blk_mem_output_block is either unconnected or has no load
WARNING: [Synth 8-7129] Port RDADDRECC_I[15] in module blk_mem_gen_v8_4_7_blk_mem_output_block is either unconnected or has no load
WARNING: [Synth 8-7129] Port RDADDRECC_I[14] in module blk_mem_gen_v8_4_7_blk_mem_output_block is either unconnected or has no load
WARNING: [Synth 8-7129] Port RDADDRECC_I[13] in module blk_mem_gen_v8_4_7_blk_mem_output_block is either unconnected or has no load
WARNING: [Synth 8-7129] Port RDADDRECC_I[12] in module blk_mem_gen_v8_4_7_blk_mem_output_block is either unconnected or has no load
WARNING: [Synth 8-7129] Port RDADDRECC_I[11] in module blk_mem_gen_v8_4_7_blk_mem_output_block is either unconnected or has no load
WARNING: [Synth 8-7129] Port RDADDRECC_I[10] in module blk_mem_gen_v8_4_7_blk_mem_output_block is either unconnected or has no load
WARNING: [Synth 8-7129] Port RDADDRECC_I[9] in module blk_mem_gen_v8_4_7_blk_mem_output_block is either unconnected or has no load
WARNING: [Synth 8-7129] Port RDADDRECC_I[8] in module blk_mem_gen_v8_4_7_blk_mem_output_block is either unconnected or has no load
WARNING: [Synth 8-7129] Port RDADDRECC_I[7] in module blk_mem_gen_v8_4_7_blk_mem_output_block is either unconnected or has no load
WARNING: [Synth 8-7129] Port RDADDRECC_I[6] in module blk_mem_gen_v8_4_7_blk_mem_output_block is either unconnected or has no load
WARNING: [Synth 8-7129] Port RDADDRECC_I[5] in module blk_mem_gen_v8_4_7_blk_mem_output_block is either unconnected or has no load
WARNING: [Synth 8-7129] Port RDADDRECC_I[4] in module blk_mem_gen_v8_4_7_blk_mem_output_block is either unconnected or has no load
WARNING: [Synth 8-7129] Port RDADDRECC_I[3] in module blk_mem_gen_v8_4_7_blk_mem_output_block is either unconnected or has no load
WARNING: [Synth 8-7129] Port RDADDRECC_I[2] in module blk_mem_gen_v8_4_7_blk_mem_output_block is either unconnected or has no load
WARNING: [Synth 8-7129] Port RDADDRECC_I[1] in module blk_mem_gen_v8_4_7_blk_mem_output_block is either unconnected or has no load
WARNING: [Synth 8-7129] Port RDADDRECC_I[0] in module blk_mem_gen_v8_4_7_blk_mem_output_block is either unconnected or has no load
WARNING: [Synth 8-7129] Port DOUTA[8] in module blk_mem_gen_v8_4_7_blk_mem_gen_prim_wrapper__parameterized14 is either unconnected or has no load
WARNING: [Synth 8-7129] Port DOUTA[7] in module blk_mem_gen_v8_4_7_blk_mem_gen_prim_wrapper__parameterized14 is either unconnected or has no load
WARNING: [Synth 8-7129] Port DOUTA[6] in module blk_mem_gen_v8_4_7_blk_mem_gen_prim_wrapper__parameterized14 is either unconnected or has no load
WARNING: [Synth 8-7129] Port DOUTA[5] in module blk_mem_gen_v8_4_7_blk_mem_gen_prim_wrapper__parameterized14 is either unconnected or has no load
WARNING: [Synth 8-7129] Port DOUTA[4] in module blk_mem_gen_v8_4_7_blk_mem_gen_prim_wrapper__parameterized14 is either unconnected or has no load
WARNING: [Synth 8-7129] Port DOUTA[3] in module blk_mem_gen_v8_4_7_blk_mem_gen_prim_wrapper__parameterized14 is either unconnected or has no load
WARNING: [Synth 8-7129] Port DOUTA[2] in module blk_mem_gen_v8_4_7_blk_mem_gen_prim_wrapper__parameterized14 is either unconnected or has no load
WARNING: [Synth 8-7129] Port DOUTA[1] in module blk_mem_gen_v8_4_7_blk_mem_gen_prim_wrapper__parameterized14 is either unconnected or has no load
WARNING: [Synth 8-7129] Port DOUTA[0] in module blk_mem_gen_v8_4_7_blk_mem_gen_prim_wrapper__parameterized14 is either unconnected or has no load
WARNING: [Synth 8-7129] Port SBITERR in module blk_mem_gen_v8_4_7_blk_mem_gen_prim_wrapper__parameterized14 is either unconnected or has no load
WARNING: [Synth 8-7129] Port DBITERR in module blk_mem_gen_v8_4_7_blk_mem_gen_prim_wrapper__parameterized14 is either unconnected or has no load
WARNING: [Synth 8-7129] Port SSRA in module blk_mem_gen_v8_4_7_blk_mem_gen_prim_wrapper__parameterized14 is either unconnected or has no load
WARNING: [Synth 8-7129] Port REGCEA in module blk_mem_gen_v8_4_7_blk_mem_gen_prim_wrapper__parameterized14 is either unconnected or has no load
WARNING: [Synth 8-7129] Port SSRB in module blk_mem_gen_v8_4_7_blk_mem_gen_prim_wrapper__parameterized14 is either unconnected or has no load
WARNING: [Synth 8-7129] Port WEB[0] in module blk_mem_gen_v8_4_7_blk_mem_gen_prim_wrapper__parameterized14 is either unconnected or has no load
WARNING: [Synth 8-7129] Port DINB[8] in module blk_mem_gen_v8_4_7_blk_mem_gen_prim_wrapper__parameterized14 is either unconnected or has no load
WARNING: [Synth 8-7129] Port DINB[7] in module blk_mem_gen_v8_4_7_blk_mem_gen_prim_wrapper__parameterized14 is either unconnected or has no load
WARNING: [Synth 8-7129] Port DINB[6] in module blk_mem_gen_v8_4_7_blk_mem_gen_prim_wrapper__parameterized14 is either unconnected or has no load
WARNING: [Synth 8-7129] Port DINB[5] in module blk_mem_gen_v8_4_7_blk_mem_gen_prim_wrapper__parameterized14 is either unconnected or has no load
WARNING: [Synth 8-7129] Port DINB[4] in module blk_mem_gen_v8_4_7_blk_mem_gen_prim_wrapper__parameterized14 is either unconnected or has no load
WARNING: [Synth 8-7129] Port DINB[3] in module blk_mem_gen_v8_4_7_blk_mem_gen_prim_wrapper__parameterized14 is either unconnected or has no load
WARNING: [Synth 8-7129] Port DINB[2] in module blk_mem_gen_v8_4_7_blk_mem_gen_prim_wrapper__parameterized14 is either unconnected or has no load
WARNING: [Synth 8-7129] Port DINB[1] in module blk_mem_gen_v8_4_7_blk_mem_gen_prim_wrapper__parameterized14 is either unconnected or has no load
WARNING: [Synth 8-7129] Port DINB[0] in module blk_mem_gen_v8_4_7_blk_mem_gen_prim_wrapper__parameterized14 is either unconnected or has no load
WARNING: [Synth 8-7129] Port SLEEP in module blk_mem_gen_v8_4_7_blk_mem_gen_prim_wrapper__parameterized14 is either unconnected or has no load
WARNING: [Synth 8-7129] Port INJECTSBITERR in module blk_mem_gen_v8_4_7_blk_mem_gen_prim_wrapper__parameterized14 is either unconnected or has no load
WARNING: [Synth 8-7129] Port INJECTDBITERR in module blk_mem_gen_v8_4_7_blk_mem_gen_prim_wrapper__parameterized14 is either unconnected or has no load
WARNING: [Synth 8-7129] Port ECCPIPECE in module blk_mem_gen_v8_4_7_blk_mem_gen_prim_wrapper__parameterized14 is either unconnected or has no load
WARNING: [Synth 8-7129] Port DOUTA[8] in module blk_mem_gen_v8_4_7_blk_mem_gen_prim_wrapper__parameterized13 is either unconnected or has no load
WARNING: [Synth 8-7129] Port DOUTA[7] in module blk_mem_gen_v8_4_7_blk_mem_gen_prim_wrapper__parameterized13 is either unconnected or has no load
WARNING: [Synth 8-7129] Port DOUTA[6] in module blk_mem_gen_v8_4_7_blk_mem_gen_prim_wrapper__parameterized13 is either unconnected or has no load
WARNING: [Synth 8-7129] Port DOUTA[5] in module blk_mem_gen_v8_4_7_blk_mem_gen_prim_wrapper__parameterized13 is either unconnected or has no load
WARNING: [Synth 8-7129] Port DOUTA[4] in module blk_mem_gen_v8_4_7_blk_mem_gen_prim_wrapper__parameterized13 is either unconnected or has no load
WARNING: [Synth 8-7129] Port DOUTA[3] in module blk_mem_gen_v8_4_7_blk_mem_gen_prim_wrapper__parameterized13 is either unconnected or has no load
WARNING: [Synth 8-7129] Port DOUTA[2] in module blk_mem_gen_v8_4_7_blk_mem_gen_prim_wrapper__parameterized13 is either unconnected or has no load
WARNING: [Synth 8-7129] Port DOUTA[1] in module blk_mem_gen_v8_4_7_blk_mem_gen_prim_wrapper__parameterized13 is either unconnected or has no load
WARNING: [Synth 8-7129] Port DOUTA[0] in module blk_mem_gen_v8_4_7_blk_mem_gen_prim_wrapper__parameterized13 is either unconnected or has no load
WARNING: [Synth 8-7129] Port SBITERR in module blk_mem_gen_v8_4_7_blk_mem_gen_prim_wrapper__parameterized13 is either unconnected or has no load
WARNING: [Synth 8-7129] Port DBITERR in module blk_mem_gen_v8_4_7_blk_mem_gen_prim_wrapper__parameterized13 is either unconnected or has no load
WARNING: [Synth 8-7129] Port SSRA in module blk_mem_gen_v8_4_7_blk_mem_gen_prim_wrapper__parameterized13 is either unconnected or has no load
WARNING: [Synth 8-7129] Port REGCEA in module blk_mem_gen_v8_4_7_blk_mem_gen_prim_wrapper__parameterized13 is either unconnected or has no load
WARNING: [Synth 8-7129] Port SSRB in module blk_mem_gen_v8_4_7_blk_mem_gen_prim_wrapper__parameterized13 is either unconnected or has no load
WARNING: [Synth 8-7129] Port WEB[0] in module blk_mem_gen_v8_4_7_blk_mem_gen_prim_wrapper__parameterized13 is either unconnected or has no load
WARNING: [Synth 8-7129] Port DINB[8] in module blk_mem_gen_v8_4_7_blk_mem_gen_prim_wrapper__parameterized13 is either unconnected or has no load
WARNING: [Synth 8-7129] Port DINB[7] in module blk_mem_gen_v8_4_7_blk_mem_gen_prim_wrapper__parameterized13 is either unconnected or has no load
WARNING: [Synth 8-7129] Port DINB[6] in module blk_mem_gen_v8_4_7_blk_mem_gen_prim_wrapper__parameterized13 is either unconnected or has no load
WARNING: [Synth 8-7129] Port DINB[5] in module blk_mem_gen_v8_4_7_blk_mem_gen_prim_wrapper__parameterized13 is either unconnected or has no load
WARNING: [Synth 8-7129] Port DINB[4] in module blk_mem_gen_v8_4_7_blk_mem_gen_prim_wrapper__parameterized13 is either unconnected or has no load
WARNING: [Synth 8-7129] Port DINB[3] in module blk_mem_gen_v8_4_7_blk_mem_gen_prim_wrapper__parameterized13 is either unconnected or has no load
WARNING: [Synth 8-7129] Port DINB[2] in module blk_mem_gen_v8_4_7_blk_mem_gen_prim_wrapper__parameterized13 is either unconnected or has no load
WARNING: [Synth 8-7129] Port DINB[1] in module blk_mem_gen_v8_4_7_blk_mem_gen_prim_wrapper__parameterized13 is either unconnected or has no load
WARNING: [Synth 8-7129] Port DINB[0] in module blk_mem_gen_v8_4_7_blk_mem_gen_prim_wrapper__parameterized13 is either unconnected or has no load
WARNING: [Synth 8-7129] Port SLEEP in module blk_mem_gen_v8_4_7_blk_mem_gen_prim_wrapper__parameterized13 is either unconnected or has no load
WARNING: [Synth 8-7129] Port INJECTSBITERR in module blk_mem_gen_v8_4_7_blk_mem_gen_prim_wrapper__parameterized13 is either unconnected or has no load
WARNING: [Synth 8-7129] Port INJECTDBITERR in module blk_mem_gen_v8_4_7_blk_mem_gen_prim_wrapper__parameterized13 is either unconnected or has no load
WARNING: [Synth 8-7129] Port ECCPIPECE in module blk_mem_gen_v8_4_7_blk_mem_gen_prim_wrapper__parameterized13 is either unconnected or has no load
WARNING: [Synth 8-7129] Port DOUTA[8] in module blk_mem_gen_v8_4_7_blk_mem_gen_prim_wrapper__parameterized12 is either unconnected or has no load
WARNING: [Synth 8-7129] Port DOUTA[7] in module blk_mem_gen_v8_4_7_blk_mem_gen_prim_wrapper__parameterized12 is either unconnected or has no load
WARNING: [Synth 8-7129] Port DOUTA[6] in module blk_mem_gen_v8_4_7_blk_mem_gen_prim_wrapper__parameterized12 is either unconnected or has no load
WARNING: [Synth 8-7129] Port DOUTA[5] in module blk_mem_gen_v8_4_7_blk_mem_gen_prim_wrapper__parameterized12 is either unconnected or has no load
WARNING: [Synth 8-7129] Port DOUTA[4] in module blk_mem_gen_v8_4_7_blk_mem_gen_prim_wrapper__parameterized12 is either unconnected or has no load
WARNING: [Synth 8-7129] Port DOUTA[3] in module blk_mem_gen_v8_4_7_blk_mem_gen_prim_wrapper__parameterized12 is either unconnected or has no load
WARNING: [Synth 8-7129] Port DOUTA[2] in module blk_mem_gen_v8_4_7_blk_mem_gen_prim_wrapper__parameterized12 is either unconnected or has no load
WARNING: [Synth 8-7129] Port DOUTA[1] in module blk_mem_gen_v8_4_7_blk_mem_gen_prim_wrapper__parameterized12 is either unconnected or has no load
WARNING: [Synth 8-7129] Port DOUTA[0] in module blk_mem_gen_v8_4_7_blk_mem_gen_prim_wrapper__parameterized12 is either unconnected or has no load
WARNING: [Synth 8-7129] Port SBITERR in module blk_mem_gen_v8_4_7_blk_mem_gen_prim_wrapper__parameterized12 is either unconnected or has no load
WARNING: [Synth 8-7129] Port DBITERR in module blk_mem_gen_v8_4_7_blk_mem_gen_prim_wrapper__parameterized12 is either unconnected or has no load
WARNING: [Synth 8-7129] Port SSRA in module blk_mem_gen_v8_4_7_blk_mem_gen_prim_wrapper__parameterized12 is either unconnected or has no load
WARNING: [Synth 8-7129] Port REGCEA in module blk_mem_gen_v8_4_7_blk_mem_gen_prim_wrapper__parameterized12 is either unconnected or has no load
WARNING: [Synth 8-7129] Port SSRB in module blk_mem_gen_v8_4_7_blk_mem_gen_prim_wrapper__parameterized12 is either unconnected or has no load
WARNING: [Synth 8-7129] Port WEB[0] in module blk_mem_gen_v8_4_7_blk_mem_gen_prim_wrapper__parameterized12 is either unconnected or has no load
INFO: [Common 17-14] Message 'Synth 8-7129' appears 100 times and further instances of the messages will be disabled. Use the Tcl command set_msg_config to change the current settings.
---------------------------------------------------------------------------------
Finished RTL Elaboration : Time (s): cpu = 00:00:54 ; elapsed = 00:00:56 . Memory (MB): peak = 1931.922 ; gain = 980.000
---------------------------------------------------------------------------------
---------------------------------------------------------------------------------
Start Handling Custom Attributes
---------------------------------------------------------------------------------
---------------------------------------------------------------------------------
Finished Handling Custom Attributes : Time (s): cpu = 00:00:54 ; elapsed = 00:00:56 . Memory (MB): peak = 1931.922 ; gain = 980.000
---------------------------------------------------------------------------------
---------------------------------------------------------------------------------
Finished RTL Optimization Phase 1 : Time (s): cpu = 00:00:54 ; elapsed = 00:00:56 . Memory (MB): peak = 1931.922 ; gain = 980.000
---------------------------------------------------------------------------------
Netlist sorting complete. Time (s): cpu = 00:00:00 ; elapsed = 00:00:00.141 . Memory (MB): peak = 1931.922 ; gain = 0.000
INFO: [Netlist 29-17] Analyzing 115 Unisim elements for replacement
INFO: [Netlist 29-28] Unisim Transformation completed in 0 CPU seconds
INFO: [Project 1-570] Preparing netlist for logic optimization

Processing XDC Constraints
Initializing timing engine
Parsing XDC File [h:/Xilinx_Proj/uart_top/uart_top.gen/sources_1/ip/ila_0_1/ila_0_ooc.xdc] for cell 'inst'
Finished Parsing XDC File [h:/Xilinx_Proj/uart_top/uart_top.gen/sources_1/ip/ila_0_1/ila_0_ooc.xdc] for cell 'inst'
Parsing XDC File [h:/Xilinx_Proj/uart_top/uart_top.gen/sources_1/ip/ila_0_1/ila_v6_2/constraints/ila.xdc] for cell 'inst'
Finished Parsing XDC File [h:/Xilinx_Proj/uart_top/uart_top.gen/sources_1/ip/ila_0_1/ila_v6_2/constraints/ila.xdc] for cell 'inst'
Parsing XDC File [H:/Xilinx_Proj/uart_top/uart_top.runs/ila_0_synth_1/dont_touch.xdc]
Finished Parsing XDC File [H:/Xilinx_Proj/uart_top/uart_top.runs/ila_0_synth_1/dont_touch.xdc]
Completed Processing XDC Constraints

Netlist sorting complete. Time (s): cpu = 00:00:00 ; elapsed = 00:00:00.003 . Memory (MB): peak = 1931.922 ; gain = 0.000
INFO: [Project 1-111] Unisim Transformation Summary:
  A total of 72 instances were transformed.
  CFGLUT5 => CFGLUT5 (SRL16E, SRLC32E): 60 instances
  CFGLUT5 => SRLC32E: 12 instances

Системе не удается найти указанный путь.
Constraint Validation Runtime : Time (s): cpu = 00:00:00 ; elapsed = 00:00:00.188 . Memory (MB): peak = 1931.922 ; gain = 0.000
INFO: [Designutils 20-5008] Incremental synthesis strategy off
---------------------------------------------------------------------------------
Finished Constraint Validation : Time (s): cpu = 00:01:06 ; elapsed = 00:01:08 . Memory (MB): peak = 1931.922 ; gain = 980.000
---------------------------------------------------------------------------------
---------------------------------------------------------------------------------
Start Loading Part and Timing Information
---------------------------------------------------------------------------------
Loading part: xc7z020clg400-2
---------------------------------------------------------------------------------
Finished Loading Part and Timing Information : Time (s): cpu = 00:01:06 ; elapsed = 00:01:08 . Memory (MB): peak = 1931.922 ; gain = 980.000
---------------------------------------------------------------------------------
---------------------------------------------------------------------------------
Start Applying 'set_property' XDC Constraints
---------------------------------------------------------------------------------
Applied set_property KEEP_HIERARCHY = SOFT for inst. (constraint file  H:/Xilinx_Proj/uart_top/uart_top.runs/ila_0_synth_1/dont_touch.xdc, line 9).
---------------------------------------------------------------------------------
Finished applying 'set_property' XDC Constraints : Time (s): cpu = 00:01:07 ; elapsed = 00:01:09 . Memory (MB): peak = 1931.922 ; gain = 980.000
---------------------------------------------------------------------------------
INFO: [Synth 8-802] inferred FSM for state register 'current_state_reg' in module 'xsdbs_v1_0_3_reg_p2s'
INFO: [Synth 8-802] inferred FSM for state register 'current_state_reg' in module 'xsdbs_v1_0_3_reg_p2s__parameterized0'
INFO: [Synth 8-802] inferred FSM for state register 'current_state_reg' in module 'xsdbs_v1_0_3_reg_p2s__parameterized1'
INFO: [Synth 8-802] inferred FSM for state register 'current_state_reg' in module 'xsdbs_v1_0_3_reg_p2s__parameterized2'
INFO: [Synth 8-802] inferred FSM for state register 'current_state_reg' in module 'xsdbs_v1_0_3_reg_p2s__parameterized3'
INFO: [Synth 8-802] inferred FSM for state register 'current_state_reg' in module 'xsdbs_v1_0_3_reg_p2s__parameterized4'
INFO: [Synth 8-802] inferred FSM for state register 'current_state_reg' in module 'xsdbs_v1_0_3_reg_p2s__parameterized5'
INFO: [Synth 8-802] inferred FSM for state register 'current_state_reg' in module 'xsdbs_v1_0_3_reg_p2s__parameterized6'
INFO: [Synth 8-802] inferred FSM for state register 'current_state_reg' in module 'xsdbs_v1_0_3_reg_p2s__parameterized7'
INFO: [Synth 8-802] inferred FSM for state register 'current_state_reg' in module 'xsdbs_v1_0_3_reg_p2s__parameterized8'
INFO: [Synth 8-802] inferred FSM for state register 'current_state_reg' in module 'ltlib_v1_0_1_generic_memrd'
---------------------------------------------------------------------------------------------------
                   State |                     New Encoding |                Previous Encoding 
---------------------------------------------------------------------------------------------------
*
                    IDLE |                             0001 |                             0001
                     REG |                             0010 |                             0010
                     P2S |                             0100 |                             0100
                     S2P |                             1000 |                             1000
---------------------------------------------------------------------------------------------------
INFO: [Synth 8-3898] No Re-encoding of one hot register 'current_state_reg' in module 'xsdbs_v1_0_3_reg_p2s'
---------------------------------------------------------------------------------------------------
                   State |                     New Encoding |                Previous Encoding 
---------------------------------------------------------------------------------------------------
*
                    IDLE |                             0001 |                             0001
                     REG |                             0010 |                             0010
                     P2S |                             0100 |                             0100
                     S2P |                             1000 |                             1000
---------------------------------------------------------------------------------------------------
INFO: [Synth 8-3898] No Re-encoding of one hot register 'current_state_reg' in module 'xsdbs_v1_0_3_reg_p2s__parameterized0'
---------------------------------------------------------------------------------------------------
                   State |                     New Encoding |                Previous Encoding 
---------------------------------------------------------------------------------------------------
*
                    IDLE |                             0001 |                             0001
                     REG |                             0010 |                             0010
                     P2S |                             0100 |                             0100
                     S2P |                             1000 |                             1000
---------------------------------------------------------------------------------------------------
INFO: [Synth 8-3898] No Re-encoding of one hot register 'current_state_reg' in module 'xsdbs_v1_0_3_reg_p2s__parameterized1'
---------------------------------------------------------------------------------------------------
                   State |                     New Encoding |                Previous Encoding 
---------------------------------------------------------------------------------------------------
*
                    IDLE |                             0001 |                             0001
                     REG |                             0010 |                             0010
                     P2S |                             0100 |                             0100
                     S2P |                             1000 |                             1000
---------------------------------------------------------------------------------------------------
INFO: [Synth 8-3898] No Re-encoding of one hot register 'current_state_reg' in module 'xsdbs_v1_0_3_reg_p2s__parameterized2'
---------------------------------------------------------------------------------------------------
                   State |                     New Encoding |                Previous Encoding 
---------------------------------------------------------------------------------------------------
*
                    IDLE |                             0001 |                             0001
                     REG |                             0010 |                             0010
                     P2S |                             0100 |                             0100
                     S2P |                             1000 |                             1000
---------------------------------------------------------------------------------------------------
INFO: [Synth 8-3898] No Re-encoding of one hot register 'current_state_reg' in module 'xsdbs_v1_0_3_reg_p2s__parameterized3'
---------------------------------------------------------------------------------------------------
                   State |                     New Encoding |                Previous Encoding 
---------------------------------------------------------------------------------------------------
*
                    IDLE |                             0001 |                             0001
                     REG |                             0010 |                             0010
                     P2S |                             0100 |                             0100
                     S2P |                             1000 |                             1000
---------------------------------------------------------------------------------------------------
INFO: [Synth 8-3898] No Re-encoding of one hot register 'current_state_reg' in module 'xsdbs_v1_0_3_reg_p2s__parameterized4'
---------------------------------------------------------------------------------------------------
                   State |                     New Encoding |                Previous Encoding 
---------------------------------------------------------------------------------------------------
*
                    IDLE |                             0001 |                             0001
                     REG |                             0010 |                             0010
                     P2S |                             0100 |                             0100
                     S2P |                             1000 |                             1000
---------------------------------------------------------------------------------------------------
INFO: [Synth 8-3898] No Re-encoding of one hot register 'current_state_reg' in module 'xsdbs_v1_0_3_reg_p2s__parameterized5'
---------------------------------------------------------------------------------------------------
                   State |                     New Encoding |                Previous Encoding 
---------------------------------------------------------------------------------------------------
*
                    IDLE |                             0001 |                             0001
                     REG |                             0010 |                             0010
                     P2S |                             0100 |                             0100
                     S2P |                             1000 |                             1000
---------------------------------------------------------------------------------------------------
INFO: [Synth 8-3898] No Re-encoding of one hot register 'current_state_reg' in module 'xsdbs_v1_0_3_reg_p2s__parameterized6'
---------------------------------------------------------------------------------------------------
                   State |                     New Encoding |                Previous Encoding 
---------------------------------------------------------------------------------------------------
*
                    IDLE |                             0001 |                             0001
                     REG |                             0010 |                             0010
                     P2S |                             0100 |                             0100
                     S2P |                             1000 |                             1000
---------------------------------------------------------------------------------------------------
INFO: [Synth 8-3898] No Re-encoding of one hot register 'current_state_reg' in module 'xsdbs_v1_0_3_reg_p2s__parameterized7'
---------------------------------------------------------------------------------------------------
                   State |                     New Encoding |                Previous Encoding 
---------------------------------------------------------------------------------------------------
*
                    IDLE |                             0001 |                             0001
                     REG |                             0010 |                             0010
                     P2S |                             0100 |                             0100
                     S2P |                             1000 |                             1000
---------------------------------------------------------------------------------------------------
INFO: [Synth 8-3898] No Re-encoding of one hot register 'current_state_reg' in module 'xsdbs_v1_0_3_reg_p2s__parameterized8'
---------------------------------------------------------------------------------------------------
                   State |                     New Encoding |                Previous Encoding 
---------------------------------------------------------------------------------------------------
*
              RESET_ADDR |                          0000001 |                          0000001
            REQUEST_READ |                          0000010 |                          0000010
           WAIT_READ_ACK |                          0000100 |                          0000100
             OUTPUT_DATA |                          0001000 |                          0001000
                    IDLE |                          0010000 |                          0010000
       INCREMENT_ADDRESS |                          1000000 |                          1000000
---------------------------------------------------------------------------------------------------
INFO: [Synth 8-3898] No Re-encoding of one hot register 'current_state_reg' in module 'ltlib_v1_0_1_generic_memrd'
---------------------------------------------------------------------------------
Finished RTL Optimization Phase 2 : Time (s): cpu = 00:01:09 ; elapsed = 00:01:11 . Memory (MB): peak = 1931.922 ; gain = 980.000
---------------------------------------------------------------------------------
---------------------------------------------------------------------------------
Start RTL Component Statistics 
---------------------------------------------------------------------------------
---------------------------------------------------------------------------------
Finished RTL Component Statistics 
---------------------------------------------------------------------------------
---------------------------------------------------------------------------------
Start Part Resource Summary
---------------------------------------------------------------------------------
Part Resources:
DSPs: 220 (col length:60)
BRAMs: 280 (col length: RAMB18 60 RAMB36 30)
---------------------------------------------------------------------------------
Finished Part Resource Summary
---------------------------------------------------------------------------------
---------------------------------------------------------------------------------
Start Cross Boundary and Area Optimization
---------------------------------------------------------------------------------
WARNING: [Synth 8-7080] Parallel synthesis criteria is not met
---------------------------------------------------------------------------------
Finished Cross Boundary and Area Optimization : Time (s): cpu = 00:01:22 ; elapsed = 00:01:24 . Memory (MB): peak = 1931.922 ; gain = 980.000
---------------------------------------------------------------------------------
---------------------------------------------------------------------------------
Start Applying XDC Timing Constraints
---------------------------------------------------------------------------------
---------------------------------------------------------------------------------
Finished Applying XDC Timing Constraints : Time (s): cpu = 00:01:30 ; elapsed = 00:01:32 . Memory (MB): peak = 1931.922 ; gain = 980.000
---------------------------------------------------------------------------------
---------------------------------------------------------------------------------
Start Timing Optimization
---------------------------------------------------------------------------------
---------------------------------------------------------------------------------
Finished Timing Optimization : Time (s): cpu = 00:01:30 ; elapsed = 00:01:33 . Memory (MB): peak = 1931.922 ; gain = 980.000
---------------------------------------------------------------------------------
---------------------------------------------------------------------------------
Start Technology Mapping
---------------------------------------------------------------------------------
---------------------------------------------------------------------------------
Finished Technology Mapping : Time (s): cpu = 00:01:31 ; elapsed = 00:01:34 . Memory (MB): peak = 1931.922 ; gain = 980.000
---------------------------------------------------------------------------------
---------------------------------------------------------------------------------
Start IO Insertion
---------------------------------------------------------------------------------
---------------------------------------------------------------------------------
Start Flattening Before IO Insertion
---------------------------------------------------------------------------------
---------------------------------------------------------------------------------
Finished Flattening Before IO Insertion
---------------------------------------------------------------------------------
---------------------------------------------------------------------------------
Start Final Netlist Cleanup
---------------------------------------------------------------------------------
---------------------------------------------------------------------------------
Finished Final Netlist Cleanup
---------------------------------------------------------------------------------
INFO: [Synth 8-3295] tying undriven pin dummy_inferred:in0 to constant 0
INFO: [Synth 8-3295] tying undriven pin inst:sl_iport0[36] to constant 0
INFO: [Synth 8-3295] tying undriven pin inst:sl_iport0[35] to constant 0
INFO: [Synth 8-3295] tying undriven pin inst:sl_iport0[34] to constant 0
INFO: [Synth 8-3295] tying undriven pin inst:sl_iport0[33] to constant 0
INFO: [Synth 8-3295] tying undriven pin inst:sl_iport0[32] to constant 0
INFO: [Synth 8-3295] tying undriven pin inst:sl_iport0[31] to constant 0
INFO: [Synth 8-3295] tying undriven pin inst:sl_iport0[30] to constant 0
INFO: [Synth 8-3295] tying undriven pin inst:sl_iport0[29] to constant 0
INFO: [Synth 8-3295] tying undriven pin inst:sl_iport0[28] to constant 0
INFO: [Synth 8-3295] tying undriven pin inst:sl_iport0[27] to constant 0
INFO: [Synth 8-3295] tying undriven pin inst:sl_iport0[26] to constant 0
INFO: [Synth 8-3295] tying undriven pin inst:sl_iport0[25] to constant 0
INFO: [Synth 8-3295] tying undriven pin inst:sl_iport0[24] to constant 0
INFO: [Synth 8-3295] tying undriven pin inst:sl_iport0[23] to constant 0
INFO: [Synth 8-3295] tying undriven pin inst:sl_iport0[22] to constant 0
INFO: [Synth 8-3295] tying undriven pin inst:sl_iport0[21] to constant 0
INFO: [Synth 8-3295] tying undriven pin inst:sl_iport0[20] to constant 0
INFO: [Synth 8-3295] tying undriven pin inst:sl_iport0[19] to constant 0
INFO: [Synth 8-3295] tying undriven pin inst:sl_iport0[18] to constant 0
INFO: [Synth 8-3295] tying undriven pin inst:sl_iport0[17] to constant 0
INFO: [Synth 8-3295] tying undriven pin inst:sl_iport0[16] to constant 0
INFO: [Synth 8-3295] tying undriven pin inst:sl_iport0[15] to constant 0
INFO: [Synth 8-3295] tying undriven pin inst:sl_iport0[14] to constant 0
INFO: [Synth 8-3295] tying undriven pin inst:sl_iport0[13] to constant 0
INFO: [Synth 8-3295] tying undriven pin inst:sl_iport0[12] to constant 0
INFO: [Synth 8-3295] tying undriven pin inst:sl_iport0[11] to constant 0
INFO: [Synth 8-3295] tying undriven pin inst:sl_iport0[10] to constant 0
INFO: [Synth 8-3295] tying undriven pin inst:sl_iport0[9] to constant 0
INFO: [Synth 8-3295] tying undriven pin inst:sl_iport0[8] to constant 0
INFO: [Synth 8-3295] tying undriven pin inst:sl_iport0[7] to constant 0
INFO: [Synth 8-3295] tying undriven pin inst:sl_iport0[6] to constant 0
INFO: [Synth 8-3295] tying undriven pin inst:sl_iport0[5] to constant 0
INFO: [Synth 8-3295] tying undriven pin inst:sl_iport0[4] to constant 0
INFO: [Synth 8-3295] tying undriven pin inst:sl_iport0[3] to constant 0
INFO: [Synth 8-3295] tying undriven pin inst:sl_iport0[2] to constant 0
INFO: [Synth 8-3295] tying undriven pin inst:sl_iport0[1] to constant 0
INFO: [Synth 8-3295] tying undriven pin inst:sl_iport0[0] to constant 0
INFO: [Synth 8-3295] tying undriven pin inst:trig_in to constant 0
INFO: [Synth 8-3295] tying undriven pin inst:trig_out_ack to constant 0
---------------------------------------------------------------------------------
Finished IO Insertion : Time (s): cpu = 00:01:37 ; elapsed = 00:01:39 . Memory (MB): peak = 1931.922 ; gain = 980.000
---------------------------------------------------------------------------------
---------------------------------------------------------------------------------
Start Renaming Generated Instances
---------------------------------------------------------------------------------
---------------------------------------------------------------------------------
Finished Renaming Generated Instances : Time (s): cpu = 00:01:37 ; elapsed = 00:01:39 . Memory (MB): peak = 1931.922 ; gain = 980.000
---------------------------------------------------------------------------------
---------------------------------------------------------------------------------
Start Rebuilding User Hierarchy
---------------------------------------------------------------------------------
---------------------------------------------------------------------------------
Finished Rebuilding User Hierarchy : Time (s): cpu = 00:01:37 ; elapsed = 00:01:39 . Memory (MB): peak = 1931.922 ; gain = 980.000
---------------------------------------------------------------------------------
---------------------------------------------------------------------------------
Start Renaming Generated Ports
---------------------------------------------------------------------------------
---------------------------------------------------------------------------------
Finished Renaming Generated Ports : Time (s): cpu = 00:01:37 ; elapsed = 00:01:39 . Memory (MB): peak = 1931.922 ; gain = 980.000
---------------------------------------------------------------------------------
---------------------------------------------------------------------------------
Start Handling Custom Attributes
---------------------------------------------------------------------------------
---------------------------------------------------------------------------------
Finished Handling Custom Attributes : Time (s): cpu = 00:01:37 ; elapsed = 00:01:39 . Memory (MB): peak = 1931.922 ; gain = 980.000
---------------------------------------------------------------------------------
---------------------------------------------------------------------------------
Start Renaming Generated Nets
---------------------------------------------------------------------------------
---------------------------------------------------------------------------------
Finished Renaming Generated Nets : Time (s): cpu = 00:01:37 ; elapsed = 00:01:40 . Memory (MB): peak = 1931.922 ; gain = 980.000
---------------------------------------------------------------------------------
---------------------------------------------------------------------------------
Start Writing Synthesis Report
---------------------------------------------------------------------------------

Report BlackBoxes: 
+-+--------------+----------+
| |BlackBox name |Instances |
+-+--------------+----------+
+-+--------------+----------+

Report Cell Usage: 
+------+---------+------+
|      |Cell     |Count |
+------+---------+------+
|1     |CARRY4   |    39|
|2     |CFGLUT5  |    72|
|3     |LUT1     |    34|
|4     |LUT2     |    38|
|5     |LUT3     |    99|
|6     |LUT4     |   141|
|7     |LUT5     |   104|
|8     |LUT6     |   556|
|9     |MUXF7    |    37|
|10    |MUXF8    |     9|
|11    |RAMB36E1 |    16|
|12    |SRL16E   |    12|
|13    |SRLC16E  |     2|
|14    |SRLC32E  |    17|
|15    |FDRE     |  1493|
|16    |FDSE     |    10|
+------+---------+------+
---------------------------------------------------------------------------------
Finished Writing Synthesis Report : Time (s): cpu = 00:01:37 ; elapsed = 00:01:40 . Memory (MB): peak = 1931.922 ; gain = 980.000
---------------------------------------------------------------------------------
Synthesis finished with 0 errors, 0 critical warnings and 2732 warnings.
Synthesis Optimization Runtime : Time (s): cpu = 00:00:37 ; elapsed = 00:01:34 . Memory (MB): peak = 1931.922 ; gain = 980.000
Synthesis Optimization Complete : Time (s): cpu = 00:01:37 ; elapsed = 00:01:40 . Memory (MB): peak = 1931.922 ; gain = 980.000
INFO: [Project 1-571] Translating synthesized netlist
Netlist sorting complete. Time (s): cpu = 00:00:00 ; elapsed = 00:00:00.063 . Memory (MB): peak = 1931.922 ; gain = 0.000
INFO: [Netlist 29-17] Analyzing 173 Unisim elements for replacement
INFO: [Netlist 29-28] Unisim Transformation completed in 0 CPU seconds
INFO: [Project 1-570] Preparing netlist for logic optimization
INFO: [Opt 31-138] Pushed 0 inverter(s) to 0 load pin(s).
Netlist sorting complete. Time (s): cpu = 00:00:00 ; elapsed = 00:00:00.002 . Memory (MB): peak = 1931.922 ; gain = 0.000
INFO: [Project 1-111] Unisim Transformation Summary:
  A total of 72 instances were transformed.
  CFGLUT5 => CFGLUT5 (SRL16E, SRLC32E): 60 instances
  CFGLUT5 => SRLC32E: 12 instances

Системе не удается найти указанный путь.
Synth Design complete | Checksum: ef61375d
INFO: [Common 17-83] Releasing license: Synthesis
196 Infos, 109 Warnings, 0 Critical Warnings and 0 Errors encountered.
synth_design completed successfully
synth_design: Time (s): cpu = 00:01:44 ; elapsed = 00:01:47 . Memory (MB): peak = 1931.922 ; gain = 1402.793
Write ShapeDB Complete: Time (s): cpu = 00:00:00 ; elapsed = 00:00:00.004 . Memory (MB): peak = 1931.922 ; gain = 0.000
INFO: [Common 17-1381] The checkpoint 'H:/Xilinx_Proj/uart_top/uart_top.runs/ila_0_synth_1/ila_0.dcp' has been generated.
INFO: [Coretcl 2-1648] Added synthesis output to IP cache for IP ila_0, cache-ID = 8089bdccfb8c6059
INFO: [Coretcl 2-1174] Renamed 171 cell refs.
Write ShapeDB Complete: Time (s): cpu = 00:00:00 ; elapsed = 00:00:00.006 . Memory (MB): peak = 1931.922 ; gain = 0.000
INFO: [Common 17-1381] The checkpoint 'H:/Xilinx_Proj/uart_top/uart_top.runs/ila_0_synth_1/ila_0.dcp' has been generated.
INFO: [runtcl-4] Executing : report_utilization -file ila_0_utilization_synth.rpt -pb ila_0_utilization_synth.pb
INFO: [Common 17-206] Exiting Vivado at Mon Apr  1 10:21:03 2024...
